2016-04-20 14:09:48.818 [debug] <0.54.0>@lager_handler_watcher:94 Lager installed handler {lager_file_backend,
                            "/root/c-bench/basho_bench/tests/20160420_140948/error.log"} into lager_event
2016-04-20 14:09:48.818 [debug] <0.56.0>@lager_handler_watcher:94 Lager installed handler {lager_file_backend,
                            "/root/c-bench/basho_bench/tests/20160420_140948/console.log"} into lager_event
2016-04-20 14:09:48.818 [debug] <0.58.0>@lager_handler_watcher:94 Lager installed handler error_logger_lager_h into error_logger
2016-04-20 14:09:48.903 [debug] <0.41.0> Supervisor gr_param_sup started gr_param:start_link(gr_lager_default_tracer_params) at pid <0.60.0>
2016-04-20 14:09:48.903 [debug] <0.40.0> Supervisor gr_counter_sup started gr_counter:start_link(gr_lager_default_tracer_counters) at pid <0.61.0>
2016-04-20 14:09:48.903 [debug] <0.42.0> Supervisor gr_manager_sup started gr_manager:start_link(gr_lager_default_tracer_params_mgr, gr_lager_default_tracer_params, []) at pid <0.62.0>
2016-04-20 14:09:48.903 [debug] <0.42.0> Supervisor gr_manager_sup started gr_manager:start_link(gr_lager_default_tracer_counters_mgr, gr_lager_default_tracer_counters, [{input,0},{filter,0},{output,0}]) at pid <0.63.0>
2016-04-20 14:09:49.262 [debug] <0.50.0>@lager_handler_watcher:94 Lager installed handler lager_backend_throttle into lager_event
2016-04-20 14:09:50.078 [info] <0.7.0> Application lager started on node nonode@nohost
2016-04-20 14:09:50.081 [notice] <0.47.0>@lager_file_backend:127 Changed loglevel of /root/c-bench/basho_bench/tests/20160420_140948/console.log to debug
2016-04-20 14:09:50.100 [info] <0.2.0>@basho_bench:log_dimensions:253 Est. data size: 47.68 MB
2016-04-20 14:09:50.211 [debug] <0.72.0> Supervisor sasl_safe_sup started alarm_handler:start_link() at pid <0.73.0>
2016-04-20 14:09:50.215 [debug] <0.72.0> Supervisor sasl_safe_sup started overload:start_link() at pid <0.74.0>
2016-04-20 14:09:50.216 [debug] <0.71.0> Supervisor sasl_sup started supervisor:start_link({local,sasl_safe_sup}, sasl, safe) at pid <0.72.0>
2016-04-20 14:09:50.250 [debug] <0.71.0> Supervisor sasl_sup started release_handler:start_link() at pid <0.75.0>
2016-04-20 14:09:50.251 [info] <0.7.0> Application sasl started on node nonode@nohost
2016-04-20 14:09:50.392 [debug] <0.80.0> Supervisor crypto_sup started crypto_server:start_link() at pid <0.81.0>
2016-04-20 14:09:50.392 [info] <0.7.0> Application crypto started on node nonode@nohost
2016-04-20 14:09:50.450 [debug] <0.90.0> Supervisor folsom_sup started folsom_sample_slide_sup:start_link() at pid <0.91.0>
2016-04-20 14:09:50.459 [debug] <0.90.0> Supervisor folsom_sup started folsom_meter_timer_server:start_link() at pid <0.92.0>
2016-04-20 14:09:50.467 [debug] <0.90.0> Supervisor folsom_sup started folsom_metrics_histogram_ets:start_link() at pid <0.93.0>
2016-04-20 14:09:50.467 [info] <0.7.0> Application folsom started on node nonode@nohost
2016-04-20 14:09:50.523 [info] <0.86.0>@basho_bench_stats_writer_csv:new:43 module=basho_bench_stats_writer_csv event=start stats_sink=csv
2016-04-20 14:09:50.524 [debug] <0.85.0> Supervisor basho_bench_sup started basho_bench_stats:start_link() at pid <0.86.0>
2016-04-20 14:09:50.534 [info] <0.95.0>@basho_bench_valgen:init_source:88 Random source: calling crypto:rand_bytes(100663296) (override with the 'value_generator_source_size' config option
2016-04-20 14:09:53.877 [info] <0.95.0>@basho_bench_valgen:init_source:95 Random source: finished crypto:rand_bytes(100663296)
2016-04-20 14:09:53.917 [debug] <0.98.0> Supervisor inet_gethost_native_sup started undefined at pid <0.99.0>
2016-04-20 14:09:53.917 [debug] <0.26.0> Supervisor kernel_safe_sup started inet_gethost_native:start_link() at pid <0.98.0>
2016-04-20 14:09:53.955 [debug] <0.100.0> Supervisor net_sup started erl_epmd:start_link() at pid <0.101.0>
2016-04-20 14:09:53.971 [debug] <0.100.0> Supervisor net_sup started auth:start_link() at pid <0.102.0>
2016-04-20 14:09:53.973 [info] <0.97.0>@basho_bench_driver_riakclient:new:60 Net kernel started as 'riak_bench@172.31.0.180'
2016-04-20 14:09:53.973 [info] <0.97.0>@basho_bench_driver_riakclient:new:68 Using target node  for worker 1
2016-04-20 14:09:53.973 [debug] <0.100.0> Supervisor net_sup started net_kernel:start_link(['riak_bench@172.31.0.180',longnames]) at pid <0.103.0>
2016-04-20 14:09:53.974 [debug] <0.11.0> Supervisor kernel_sup started erl_distribution:start_link(['riak_bench@172.31.0.180',longnames]) at pid <0.100.0>
2016-04-20 14:09:53.975 [debug] <0.85.0> Supervisor basho_bench_sup started basho_bench_worker:start_link(basho_bench_worker_1, 1) at pid <0.95.0>
2016-04-20 14:09:53.975 [info] <0.107.0>@basho_bench_driver_riakclient:new:68 Using target node  for worker 2
2016-04-20 14:09:53.976 [debug] <0.85.0> Supervisor basho_bench_sup started basho_bench_worker:start_link(basho_bench_worker_2, 2) at pid <0.106.0>
2016-04-20 14:09:53.976 [info] <0.109.0>@basho_bench_driver_riakclient:new:68 Using target node  for worker 3
2016-04-20 14:09:53.977 [debug] <0.85.0> Supervisor basho_bench_sup started basho_bench_worker:start_link(basho_bench_worker_3, 3) at pid <0.108.0>
2016-04-20 14:09:53.983 [info] <0.111.0>@basho_bench_driver_riakclient:new:68 Using target node  for worker 4
2016-04-20 14:09:53.984 [debug] <0.85.0> Supervisor basho_bench_sup started basho_bench_worker:start_link(basho_bench_worker_4, 4) at pid <0.110.0>
2016-04-20 14:09:53.985 [info] <0.113.0>@basho_bench_driver_riakclient:new:68 Using target node  for worker 5
2016-04-20 14:09:53.985 [debug] <0.85.0> Supervisor basho_bench_sup started basho_bench_worker:start_link(basho_bench_worker_5, 5) at pid <0.112.0>
2016-04-20 14:09:53.987 [debug] <0.26.0> Supervisor kernel_safe_sup started timer:start_link() at pid <0.114.0>
2016-04-20 14:09:53.998 [info] <0.113.0>@basho_bench_worker:worker_idle_loop:237 Starting max worker: <0.113.0> on 'riak_bench@172.31.0.180'
2016-04-20 14:09:53.998 [info] <0.111.0>@basho_bench_worker:worker_idle_loop:237 Starting max worker: <0.111.0> on 'riak_bench@172.31.0.180'
2016-04-20 14:09:53.999 [info] <0.109.0>@basho_bench_worker:worker_idle_loop:237 Starting max worker: <0.109.0> on 'riak_bench@172.31.0.180'
2016-04-20 14:09:54.000 [info] <0.107.0>@basho_bench_worker:worker_idle_loop:237 Starting max worker: <0.107.0> on 'riak_bench@172.31.0.180'
2016-04-20 14:09:54.001 [info] <0.97.0>@basho_bench_worker:worker_idle_loop:237 Starting max worker: <0.97.0> on 'riak_bench@172.31.0.180'
2016-04-20 14:09:54.002 [info] <0.7.0> Application basho_bench started on node 'riak_bench@172.31.0.180'
2016-04-20 14:20:00.266 [error] <0.85.0> Supervisor basho_bench_sup had child basho_bench_stats started with basho_bench_stats:start_link() at <0.86.0> exit with reason killed in context shutdown_error
