arg1:clientcount , arg2:delete log threshold, arg3:labelReceiverPort, arg4:deliveryLabelSize 
client count; 10 delete threshold:200000 port: 50202 :batch del: 600 
[ProcessingThread][INFO] ############  ProcessingThread  id -  139800272914176 
receiver status is 1 
[ReceiverThread][INFO] ########### Starting ReceiverThread ################# 
######## System architecture      : x86_64
######## Node name 		  : node1
######## System name              : Linux
######## Kernel release           : 3.2.0-32-virtual
######## Version                  : #51-Ubuntu SMP Wed Sep 26 21:53:42 UTC 2012
######## System stack size        : 8388608
[ReceiverThread] ################### Starting thread id  : 139800264521472[INFO] ===============================================
[INFO] Server is started on : 50201
[INFO] ===============================================
[INFO] Client connected, IP : 172.31.0.117
[INFO] Client connected, IP : 172.31.0.117
[INFO] Client connected, IP : 172.31.0.117
[INFO] Client connected, IP : 172.31.0.117
[INFO] Client connected, IP : 172.31.0.117
[INFO] Client connected, IP : 172.31.0.180
[INFO] Client connected, IP : 172.31.0.180
[INFO] Client connected, IP : 172.31.0.180
[INFO] Client connected, IP : 172.31.0.180
[INFO] Client connected, IP : 172.31.0.180
Duration in ms: 1461157769006 Delete count: 200198
Duration in ms: 841 Delete count: 200133
Duration in ms: 876 Delete count: 200069
Duration in ms: 898 Delete count: 200889
Duration in ms: 906 Delete count: 200618
Duration in ms: 882 Delete count: 200594
Duration in ms: 876 Delete count: 200410
Duration in ms: 894 Delete count: 200284
Duration in ms: 867 Delete count: 200236
Duration in ms: 865 Delete count: 200468
Duration in ms: 863 Delete count: 200364
Duration in ms: 1444 Delete count: 232627
Duration in ms: 1614 Delete count: 200332
Duration in ms: 1249 Delete count: 200168
Duration in ms: 894 Delete count: 200261
Duration in ms: 886 Delete count: 200616
Duration in ms: 886 Delete count: 200604
Duration in ms: 964 Delete count: 200060
Duration in ms: 886 Delete count: 200821
Duration in ms: 856 Delete count: 200674
Duration in ms: 1454 Delete count: 252240
Duration in ms: 1681 Delete count: 200251
Duration in ms: 1515 Delete count: 200198
Duration in ms: 1423 Delete count: 200259
Duration in ms: 1080 Delete count: 200901
Duration in ms: 968 Delete count: 200120
Duration in ms: 909 Delete count: 200598
Duration in ms: 868 Delete count: 200265
Duration in ms: 1649 Delete count: 282902
Duration in ms: 1593 Delete count: 201347
Duration in ms: 1234 Delete count: 200366
Duration in ms: 1129 Delete count: 200003
Duration in ms: 1122 Delete count: 200658
Duration in ms: 1026 Delete count: 200260
Duration in ms: 956 Delete count: 201457
Duration in ms: 887 Delete count: 200008
Duration in ms: 866 Delete count: 200521
Duration in ms: 1294 Delete count: 200135
Duration in ms: 1480 Delete count: 200048
Duration in ms: 1155 Delete count: 200317
Duration in ms: 886 Delete count: 200168
Duration in ms: 873 Delete count: 200132
Duration in ms: 849 Delete count: 200161
Duration in ms: 846 Delete count: 200143
Duration in ms: 928 Delete count: 200079
Duration in ms: 876 Delete count: 200977
Duration in ms: 872 Delete count: 200677
Duration in ms: 1319 Delete count: 200103
Duration in ms: 1485 Delete count: 200257
Duration in ms: 1652 Delete count: 200009
Duration in ms: 1483 Delete count: 200384
Duration in ms: 1137 Delete count: 200091
Duration in ms: 1098 Delete count: 200147
Duration in ms: 964 Delete count: 200248
Duration in ms: 894 Delete count: 200259
Duration in ms: 1388 Delete count: 200167
Duration in ms: 1513 Delete count: 200299
Duration in ms: 1509 Delete count: 200316
Duration in ms: 1105 Delete count: 200427
Duration in ms: 1081 Delete count: 200216
Duration in ms: 849 Delete count: 200772
Duration in ms: 856 Delete count: 200101
Duration in ms: 944 Delete count: 201256
Duration in ms: 884 Delete count: 200485
Duration in ms: 1466 Delete count: 200149
Duration in ms: 1504 Delete count: 200335
Duration in ms: 1592 Delete count: 200668
Duration in ms: 1595 Delete count: 200348
Duration in ms: 1402 Delete count: 235710
Duration in ms: 956 Delete count: 200011
Duration in ms: 914 Delete count: 200851
Duration in ms: 1531 Delete count: 246848
Duration in ms: 1438 Delete count: 200624
Duration in ms: 1472 Delete count: 200175
Duration in ms: 1130 Delete count: 200062
Duration in ms: 895 Delete count: 201152
Duration in ms: 874 Delete count: 200183
Duration in ms: 865 Delete count: 200844
Duration in ms: 867 Delete count: 200033
Duration in ms: 963 Delete count: 201333
Duration in ms: 1288 Delete count: 238082
Duration in ms: 1527 Delete count: 200141
Duration in ms: 1370 Delete count: 200138
Duration in ms: 1142 Delete count: 200030
Duration in ms: 1085 Delete count: 200468
Duration in ms: 1152 Delete count: 200008
Duration in ms: 917 Delete count: 200455
Duration in ms: 862 Delete count: 200253
Duration in ms: 855 Delete count: 200034
Duration in ms: 1357 Delete count: 205145
Duration in ms: 1533 Delete count: 200379
Duration in ms: 1097 Delete count: 200345
Duration in ms: 1109 Delete count: 200602
Duration in ms: 1067 Delete count: 200162
Duration in ms: 941 Delete count: 201864
Duration in ms: 975 Delete count: 200163
Duration in ms: 915 Delete count: 200678
Duration in ms: 879 Delete count: 200046
Duration in ms: 1468 Delete count: 219191
Duration in ms: 1547 Delete count: 200435
Duration in ms: 1096 Delete count: 200273
Duration in ms: 857 Delete count: 200479
Duration in ms: 958 Delete count: 205553
Duration in ms: 826 Delete count: 200161
Duration in ms: 884 Delete count: 200119
Duration in ms: 877 Delete count: 200258
Duration in ms: 854 Delete count: 200225
Duration in ms: 850 Delete count: 200039
Duration in ms: 1374 Delete count: 200239
Duration in ms: 1590 Delete count: 200469
Duration in ms: 1195 Delete count: 200478
Duration in ms: 1085 Delete count: 200161
Duration in ms: 1121 Delete count: 200061
Duration in ms: 1109 Delete count: 200667
Duration in ms: 1154 Delete count: 200189
Duration in ms: 866 Delete count: 200459
Duration in ms: 1484 Delete count: 279235
Duration in ms: 1534 Delete count: 200176
Duration in ms: 1562 Delete count: 200271
Duration in ms: 1422 Delete count: 200321
Duration in ms: 1165 Delete count: 200402
Duration in ms: 1219 Delete count: 216159
Duration in ms: 989 Delete count: 200479
Duration in ms: 842 Delete count: 200039
Duration in ms: 1559 Delete count: 261680
Duration in ms: 1487 Delete count: 200020
Duration in ms: 1226 Delete count: 200260
Duration in ms: 856 Delete count: 200128
Duration in ms: 830 Delete count: 200045
Duration in ms: 845 Delete count: 200235
Duration in ms: 879 Delete count: 200959
Duration in ms: 847 Delete count: 200152
Duration in ms: 894 Delete count: 200005
Duration in ms: 864 Delete count: 200393
Duration in ms: 1317 Delete count: 201038
Duration in ms: 1489 Delete count: 200361
Duration in ms: 1552 Delete count: 200058
Duration in ms: 1470 Delete count: 200084
Duration in ms: 1234 Delete count: 200221
Duration in ms: 907 Delete count: 200555
Duration in ms: 856 Delete count: 200437
Duration in ms: 919 Delete count: 200012
Duration in ms: 1480 Delete count: 246125
Duration in ms: 1495 Delete count: 200481
Duration in ms: 1084 Delete count: 200166
Duration in ms: 1117 Delete count: 200182
Duration in ms: 1094 Delete count: 200453
Duration in ms: 994 Delete count: 200565
Duration in ms: 895 Delete count: 200615
Duration in ms: 839 Delete count: 200622
Duration in ms: 895 Delete count: 200136
Duration in ms: 1273 Delete count: 234968
Duration in ms: 1445 Delete count: 200392
Duration in ms: 1308 Delete count: 200108
Duration in ms: 852 Delete count: 200557
Duration in ms: 890 Delete count: 200821
Duration in ms: 858 Delete count: 200407
Duration in ms: 847 Delete count: 200161
Duration in ms: 944 Delete count: 204064
Duration in ms: 835 Delete count: 200061
Duration in ms: 859 Delete count: 200196
Duration in ms: 1249 Delete count: 205745
Duration in ms: 1444 Delete count: 200273
Duration in ms: 1480 Delete count: 200028
Duration in ms: 1144 Delete count: 202239
Duration in ms: 1090 Delete count: 200004
Duration in ms: 1359 Delete count: 244083
Duration in ms: 966 Delete count: 200047
Duration in ms: 861 Delete count: 200207
Duration in ms: 984 Delete count: 204651
Duration in ms: 1426 Delete count: 200303
Duration in ms: 1476 Delete count: 200124
Duration in ms: 1567 Delete count: 200091
Duration in ms: 1514 Delete count: 200122
Duration in ms: 1131 Delete count: 200686
Duration in ms: 974 Delete count: 200282
Duration in ms: 909 Delete count: 200040
Duration in ms: 858 Delete count: 200410
Duration in ms: 1508 Delete count: 200052
Duration in ms: 1429 Delete count: 200928
Duration in ms: 1165 Delete count: 200738
Duration in ms: 1064 Delete count: 200152
Duration in ms: 1061 Delete count: 201307
Duration in ms: 883 Delete count: 200864
Duration in ms: 895 Delete count: 200313
Duration in ms: 892 Delete count: 200127
Duration in ms: 908 Delete count: 201080
Duration in ms: 1322 Delete count: 200908
Duration in ms: 1522 Delete count: 200048
Duration in ms: 1504 Delete count: 200418
Duration in ms: 1409 Delete count: 200271
Duration in ms: 1060 Delete count: 201494
Duration in ms: 806 Delete count: 200990
Duration in ms: 866 Delete count: 200048
Duration in ms: 854 Delete count: 200143
Duration in ms: 918 Delete count: 200253
Duration in ms: 1426 Delete count: 200375
Duration in ms: 1564 Delete count: 200378
Duration in ms: 1484 Delete count: 200292
Duration in ms: 1126 Delete count: 200202
Duration in ms: 1076 Delete count: 200087
Duration in ms: 881 Delete count: 200147
Duration in ms: 862 Delete count: 200643
Duration in ms: 854 Delete count: 200371
Duration in ms: 1741 Delete count: 295588
Duration in ms: 1509 Delete count: 200309
Duration in ms: 942 Delete count: 200075
Duration in ms: 845 Delete count: 200498
Duration in ms: 943 Delete count: 204019
Duration in ms: 841 Delete count: 200470
Duration in ms: 842 Delete count: 200479
Duration in ms: 885 Delete count: 200479
Duration in ms: 868 Delete count: 200024
Duration in ms: 996 Delete count: 200330
Duration in ms: 1294 Delete count: 200612
Duration in ms: 1575 Delete count: 200172
Duration in ms: 1329 Delete count: 200069
Duration in ms: 1080 Delete count: 200419
Duration in ms: 1133 Delete count: 200558
Duration in ms: 1074 Delete count: 200350
Duration in ms: 1182 Delete count: 200319
Duration in ms: 990 Delete count: 200529
Duration in ms: 1355 Delete count: 249448
Duration in ms: 1556 Delete count: 200207
Duration in ms: 1499 Delete count: 200424
Duration in ms: 1082 Delete count: 200456
Duration in ms: 1161 Delete count: 202436
Duration in ms: 1069 Delete count: 200252
Duration in ms: 1179 Delete count: 200693
Duration in ms: 854 Delete count: 200329
Duration in ms: 849 Delete count: 200498
Duration in ms: 1499 Delete count: 200106
Duration in ms: 1480 Delete count: 200063
Duration in ms: 1580 Delete count: 200011
Duration in ms: 1118 Delete count: 200055
Duration in ms: 890 Delete count: 200028
Duration in ms: 836 Delete count: 200130
Duration in ms: 846 Delete count: 200537
Duration in ms: 882 Delete count: 200227
Duration in ms: 847 Delete count: 201023
Duration in ms: 1387 Delete count: 200115
Duration in ms: 1561 Delete count: 200014
Duration in ms: 1221 Delete count: 200135
Duration in ms: 1034 Delete count: 200780
Duration in ms: 842 Delete count: 200025
Duration in ms: 891 Delete count: 200611
Duration in ms: 828 Delete count: 200303
Duration in ms: 840 Delete count: 200178
Duration in ms: 892 Delete count: 200353
Duration in ms: 1525 Delete count: 257550
Duration in ms: 1503 Delete count: 200152
Duration in ms: 1318 Delete count: 200458
Duration in ms: 1174 Delete count: 200185
Duration in ms: 1112 Delete count: 200412
Duration in ms: 1173 Delete count: 200847
Duration in ms: 931 Delete count: 200035
Duration in ms: 937 Delete count: 204922
Duration in ms: 849 Delete count: 200087
Duration in ms: 1398 Delete count: 200093
Duration in ms: 1560 Delete count: 200252
Duration in ms: 1067 Delete count: 200350
Duration in ms: 918 Delete count: 200221
Duration in ms: 868 Delete count: 200306
Duration in ms: 878 Delete count: 200570
Duration in ms: 890 Delete count: 200882
Duration in ms: 879 Delete count: 200007
Duration in ms: 890 Delete count: 200040
Duration in ms: 1620 Delete count: 271038
Duration in ms: 1448 Delete count: 200345
Duration in ms: 1296 Delete count: 200271
Duration in ms: 860 Delete count: 200322
Duration in ms: 918 Delete count: 200206
Duration in ms: 862 Delete count: 200395
Duration in ms: 860 Delete count: 200099
Duration in ms: 921 Delete count: 200188
Duration in ms: 885 Delete count: 200725
Duration in ms: 964 Delete count: 208029
Duration in ms: 1366 Delete count: 200190
Duration in ms: 1468 Delete count: 200387
Duration in ms: 1557 Delete count: 200108
Duration in ms: 1537 Delete count: 200018
Duration in ms: 1098 Delete count: 200028
Duration in ms: 1127 Delete count: 200120
Duration in ms: 946 Delete count: 200283
Duration in ms: 871 Delete count: 200188
Duration in ms: 1519 Delete count: 200348
Duration in ms: 1412 Delete count: 200405
Duration in ms: 1074 Delete count: 200346
Duration in ms: 875 Delete count: 200251
Duration in ms: 875 Delete count: 200116
Duration in ms: 837 Delete count: 200122
Duration in ms: 843 Delete count: 200517
Duration in ms: 855 Delete count: 200065
Duration in ms: 910 Delete count: 200054
Duration in ms: 850 Delete count: 200185
Duration in ms: 1512 Delete count: 200003
Duration in ms: 1483 Delete count: 200614
Duration in ms: 1360 Delete count: 205308
Duration in ms: 1088 Delete count: 200376
Duration in ms: 948 Delete count: 200241
Duration in ms: 850 Delete count: 200428
Duration in ms: 838 Delete count: 200503
Duration in ms: 850 Delete count: 200160
Duration in ms: 893 Delete count: 200767
Duration in ms: 1438 Delete count: 200352
Duration in ms: 1464 Delete count: 200131
Duration in ms: 1469 Delete count: 200224
Duration in ms: 1549 Delete count: 200040
Duration in ms: 1426 Delete count: 200005
Duration in ms: 945 Delete count: 200032
Duration in ms: 852 Delete count: 200070
Duration in ms: 840 Delete count: 200506
Duration in ms: 1338 Delete count: 200031
Duration in ms: 1536 Delete count: 200014
Duration in ms: 1080 Delete count: 200485
Duration in ms: 1090 Delete count: 200292
Duration in ms: 1130 Delete count: 200007
Duration in ms: 936 Delete count: 200332
Duration in ms: 855 Delete count: 200021
Duration in ms: 950 Delete count: 200651
Duration in ms: 844 Delete count: 200006
Duration in ms: 1457 Delete count: 233033
Duration in ms: 1510 Delete count: 200128
Duration in ms: 1436 Delete count: 200298
Duration in ms: 1033 Delete count: 201079
Duration in ms: 863 Delete count: 200621
Duration in ms: 839 Delete count: 200108
Duration in ms: 897 Delete count: 200012
Duration in ms: 859 Delete count: 200306
Duration in ms: 862 Delete count: 200271
Duration in ms: 1699 Delete count: 293317
Duration in ms: 1507 Delete count: 200050
Duration in ms: 1205 Delete count: 200117
Duration in ms: 1081 Delete count: 200039
Duration in ms: 1105 Delete count: 200049
Duration in ms: 815 Delete count: 200207
Duration in ms: 895 Delete count: 200908
Duration in ms: 869 Delete count: 200574
Duration in ms: 839 Delete count: 200080
Duration in ms: 1845 Delete count: 298146
Duration in ms: 1486 Delete count: 202207
Duration in ms: 1168 Delete count: 200058
Duration in ms: 1061 Delete count: 200444
Duration in ms: 1082 Delete count: 200130
Duration in ms: 991 Delete count: 200027
Duration in ms: 918 Delete count: 202470
Duration in ms: 830 Delete count: 200076
Duration in ms: 844 Delete count: 200109
Duration in ms: 1527 Delete count: 250153
Duration in ms: 1492 Delete count: 200051
Duration in ms: 1569 Delete count: 200184
Duration in ms: 1478 Delete count: 200263
Duration in ms: 2413 Delete count: 349360
Duration in ms: 1051 Delete count: 200376
Duration in ms: 932 Delete count: 200453
Duration in ms: 1420 Delete count: 200245
Duration in ms: 1572 Delete count: 200502
Duration in ms: 1402 Delete count: 200108
Duration in ms: 906 Delete count: 200430
Duration in ms: 857 Delete count: 200716
Duration in ms: 877 Delete count: 200751
Duration in ms: 856 Delete count: 200436
Duration in ms: 884 Delete count: 200241
Duration in ms: 865 Delete count: 200020
Duration in ms: 1490 Delete count: 200053
Duration in ms: 1550 Delete count: 200134
Duration in ms: 1560 Delete count: 200155
Duration in ms: 1489 Delete count: 200115
Duration in ms: 1465 Delete count: 215979
Duration in ms: 984 Delete count: 200545
Duration in ms: 918 Delete count: 200055
Duration in ms: 849 Delete count: 200162
Duration in ms: 1396 Delete count: 200694
Duration in ms: 1440 Delete count: 200432
Duration in ms: 1071 Delete count: 200324
Duration in ms: 1124 Delete count: 200469
Duration in ms: 918 Delete count: 200457
Duration in ms: 858 Delete count: 200986
Duration in ms: 851 Delete count: 200166
Duration in ms: 893 Delete count: 200481
Duration in ms: 897 Delete count: 200064
Duration in ms: 1498 Delete count: 264901
Duration in ms: 1446 Delete count: 200084
Duration in ms: 1288 Delete count: 200563
Duration in ms: 920 Delete count: 200187
Duration in ms: 876 Delete count: 200555
Duration in ms: 857 Delete count: 200266
Duration in ms: 866 Delete count: 200625
Duration in ms: 926 Delete count: 200167
Duration in ms: 847 Delete count: 201118
Duration in ms: 912 Delete count: 200471
Duration in ms: 1309 Delete count: 200263
Duration in ms: 1461 Delete count: 200105
Duration in ms: 1572 Delete count: 200341
Duration in ms: 1580 Delete count: 200208
Duration in ms: 1485 Delete count: 200239
Duration in ms: 1232 Delete count: 200043
Duration in ms: 914 Delete count: 200191
Duration in ms: 1669 Delete count: 268985
Duration in ms: 1439 Delete count: 200304
Duration in ms: 1571 Delete count: 200030
Duration in ms: 1307 Delete count: 200232
Duration in ms: 860 Delete count: 200191
Duration in ms: 855 Delete count: 200195
Duration in ms: 880 Delete count: 200565
Duration in ms: 925 Delete count: 202764
Duration in ms: 824 Delete count: 200244
Duration in ms: 1350 Delete count: 200031
Duration in ms: 1434 Delete count: 200314
Duration in ms: 1581 Delete count: 201758
Duration in ms: 1546 Delete count: 200739
Duration in ms: 1492 Delete count: 200641
Duration in ms: 964 Delete count: 201125
Duration in ms: 847 Delete count: 200658
Duration in ms: 888 Delete count: 200430
Duration in ms: 1383 Delete count: 200410
Duration in ms: 1476 Delete count: 200092
Duration in ms: 1487 Delete count: 200115
Duration in ms: 1565 Delete count: 200083
Duration in ms: 1183 Delete count: 200216
Duration in ms: 843 Delete count: 201385
Duration in ms: 842 Delete count: 200018
Duration in ms: 924 Delete count: 202615
Duration in ms: 1430 Delete count: 240122
Duration in ms: 1482 Delete count: 200049
Duration in ms: 1205 Delete count: 200070
Duration in ms: 1073 Delete count: 201232
Duration in ms: 837 Delete count: 200126
Duration in ms: 895 Delete count: 200285
Duration in ms: 846 Delete count: 200143
Duration in ms: 846 Delete count: 200420
Duration in ms: 847 Delete count: 200702
Duration in ms: 901 Delete count: 200347
Duration in ms: 1320 Delete count: 200906
Duration in ms: 1574 Delete count: 200031
Duration in ms: 1198 Delete count: 200155
Duration in ms: 1187 Delete count: 201752
Duration in ms: 1062 Delete count: 200245
Duration in ms: 1048 Delete count: 200283
Duration in ms: 876 Delete count: 200203
Duration in ms: 874 Delete count: 200263
Duration in ms: 866 Delete count: 201059
Duration in ms: 1414 Delete count: 200097
Duration in ms: 1518 Delete count: 200304
Duration in ms: 1069 Delete count: 200671
Duration in ms: 1089 Delete count: 200140
Duration in ms: 1128 Delete count: 200653
Duration in ms: 1403 Delete count: 235357
Duration in ms: 930 Delete count: 200461
Duration in ms: 854 Delete count: 200011
Duration in ms: 1710 Delete count: 289727
Duration in ms: 1424 Delete count: 200125
Duration in ms: 1355 Delete count: 200164
Duration in ms: 1091 Delete count: 200481
Duration in ms: 983 Delete count: 204302
Duration in ms: 817 Delete count: 200857
Duration in ms: 873 Delete count: 200554
Duration in ms: 907 Delete count: 200054
Duration in ms: 845 Delete count: 200431
Duration in ms: 1667 Delete count: 295595
Duration in ms: 1520 Delete count: 200149
Duration in ms: 1578 Delete count: 200078
Duration in ms: 1476 Delete count: 200431
Duration in ms: 1206 Delete count: 200406
Duration in ms: 1008 Delete count: 200073
Duration in ms: 890 Delete count: 200291
Duration in ms: 850 Delete count: 200260
Duration in ms: 1439 Delete count: 245450
Duration in ms: 1552 Delete count: 200539
Duration in ms: 992 Delete count: 200133
Duration in ms: 894 Delete count: 200264
Duration in ms: 867 Delete count: 200450
Duration in ms: 871 Delete count: 200457
Duration in ms: 921 Delete count: 200179
Duration in ms: 879 Delete count: 200116
Duration in ms: 916 Delete count: 200298
Duration in ms: 885 Delete count: 200152
Duration in ms: 1403 Delete count: 212248
Duration in ms: 1544 Delete count: 200163
Duration in ms: 1594 Delete count: 200085
Duration in ms: 1497 Delete count: 200063
Duration in ms: 1466 Delete count: 239367
Duration in ms: 953 Delete count: 200072
Duration in ms: 915 Delete count: 200080
Duration in ms: 875 Delete count: 200852
Duration in ms: 1461 Delete count: 200177
Duration in ms: 1618 Delete count: 200017
Duration in ms: 1608 Delete count: 200379
Duration in ms: 1361 Delete count: 200253
Duration in ms: 990 Delete count: 200192
Duration in ms: 894 Delete count: 200071
Duration in ms: 889 Delete count: 200237
Duration in ms: 901 Delete count: 200140
Duration in ms: 1364 Delete count: 213097
Duration in ms: 1418 Delete count: 200150
Duration in ms: 1226 Delete count: 200386
Duration in ms: 1084 Delete count: 200377
Duration in ms: 843 Delete count: 200965
Duration in ms: 851 Delete count: 200266
Duration in ms: 850 Delete count: 200408
Duration in ms: 885 Delete count: 200087
Duration in ms: 850 Delete count: 200134
Duration in ms: 889 Delete count: 200023
Duration in ms: 1393 Delete count: 200180
Duration in ms: 1494 Delete count: 200224
Duration in ms: 1240 Delete count: 200615
Duration in ms: 1143 Delete count: 200224
Duration in ms: 1084 Delete count: 200144
Duration in ms: 1076 Delete count: 200345
Duration in ms: 1163 Delete count: 200505
Duration in ms: 969 Delete count: 200073
Duration in ms: 1678 Delete count: 262069
Duration in ms: 1398 Delete count: 200394
Duration in ms: 1424 Delete count: 200092
Duration in ms: 1157 Delete count: 204300
Duration in ms: 1085 Delete count: 200338
Duration in ms: 1650 Delete count: 287221
Duration in ms: 1007 Delete count: 200043
Duration in ms: 869 Delete count: 200766
Duration in ms: 1332 Delete count: 200070
Duration in ms: 1485 Delete count: 200058
Duration in ms: 1452 Delete count: 200137
Duration in ms: 1081 Delete count: 200317
Duration in ms: 1128 Delete count: 200103
Duration in ms: 1179 Delete count: 205397
Duration in ms: 958 Delete count: 200354
Duration in ms: 912 Delete count: 200009
[INFO] Client disconnected, IP : 172.31.0.117
[INFO] Client disconnected, IP : 172.31.0.117
[INFO] Client disconnected, IP : 172.31.0.117
[INFO] Client disconnected, IP : 172.31.0.117
[INFO] Client disconnected, IP : 172.31.0.117
Duration in ms: 1834 Delete count: 302509
[INFO] Client disconnected, IP : 172.31.0.180
[INFO] Client disconnected, IP : 172.31.0.180
[INFO] Client disconnected, IP : 172.31.0.180
[INFO] Client disconnected, IP : 172.31.0.180
[INFO] Client disconnected, IP : 172.31.0.180
